2024-12-30 11:49:00 [restartedMain] INFO  c.example.spring4.Spring4Application - Starting Spring4Application using Java 17 with PID 13584 (C:\Temp\spring4\build\classes\java\main started by a in C:\Temp\spring4)
2024-12-30 11:49:00 [restartedMain] DEBUG c.example.spring4.Spring4Application - Running with Spring Boot v3.0.2, Spring v6.0.4
2024-12-30 11:49:00 [restartedMain] INFO  c.example.spring4.Spring4Application - No active profile set, falling back to 1 default profile: "default"
2024-12-30 11:49:00 [restartedMain] INFO  o.s.b.d.e.DevToolsPropertyDefaultsPostProcessor - Devtools property defaults active! Set 'spring.devtools.add-properties' to 'false' to disable
2024-12-30 11:49:00 [restartedMain] INFO  o.s.b.d.e.DevToolsPropertyDefaultsPostProcessor - For additional web related logging consider setting the 'logging.level.web' property to 'DEBUG'
2024-12-30 11:49:01 [restartedMain] DEBUG o.m.s.b.a.MybatisAutoConfiguration - Searching for mappers annotated with @Mapper
2024-12-30 11:49:01 [restartedMain] DEBUG o.m.s.b.a.MybatisAutoConfiguration - Using auto-configuration base package 'com.example.spring4'
2024-12-30 11:49:01 [restartedMain] DEBUG o.apache.ibatis.logging.LogFactory - Logging initialized using 'class org.apache.ibatis.logging.slf4j.Slf4jImpl' adapter.
2024-12-30 11:49:01 [restartedMain] DEBUG o.m.s.mapper.ClassPathMapperScanner - Identified candidate component class: file [C:\Temp\spring4\build\classes\java\main\com\example\spring4\member\dao\MemberMapper.class]
2024-12-30 11:49:01 [restartedMain] DEBUG o.m.s.mapper.ClassPathMapperScanner - Creating MapperFactoryBean with name 'memberMapper' and 'com.example.spring4.member.dao.MemberMapper' mapperInterface
2024-12-30 11:49:02 [restartedMain] INFO  o.s.b.w.e.tomcat.TomcatWebServer - Tomcat initialized with port(s): 8888 (http)
2024-12-30 11:49:02 [restartedMain] INFO  o.a.catalina.core.StandardService - Starting service [Tomcat]
2024-12-30 11:49:02 [restartedMain] INFO  o.a.catalina.core.StandardEngine - Starting Servlet engine: [Apache Tomcat/10.1.5]
2024-12-30 11:49:02 [restartedMain] INFO  o.a.c.c.C.[Tomcat].[localhost].[/] - Initializing Spring embedded WebApplicationContext
2024-12-30 11:49:02 [restartedMain] DEBUG o.s.w.f.ServerHttpObservationFilter - Filter 'serverHttpObservationFilter' configured for use
2024-12-30 11:49:02 [restartedMain] DEBUG o.s.w.s.m.m.a.RequestMappingHandlerAdapter - ControllerAdvice beans: 0 @ModelAttribute, 0 @InitBinder, 1 RequestBodyAdvice, 1 ResponseBodyAdvice
2024-12-30 11:49:02 [restartedMain] INFO  o.s.b.a.w.s.WelcomePageHandlerMapping - Adding welcome page template: index
2024-12-30 11:49:02 [restartedMain] DEBUG o.s.w.s.m.m.a.RequestMappingHandlerMapping - 2 mappings in 'requestMappingHandlerMapping'
2024-12-30 11:49:02 [restartedMain] DEBUG o.s.w.s.h.SimpleUrlHandlerMapping - Patterns [/webjars/**, /**] in 'resourceHandlerMapping'
2024-12-30 11:49:02 [restartedMain] DEBUG o.s.w.s.m.m.a.ExceptionHandlerExceptionResolver - ControllerAdvice beans: 0 @ExceptionHandler, 1 ResponseBodyAdvice
2024-12-30 11:49:02 [restartedMain] DEBUG o.m.s.b.a.MybatisAutoConfiguration - Not found configuration for registering mapper bean using @MapperScan, MapperFactoryBean and MapperScannerConfigurer.
2024-12-30 11:49:02 [restartedMain] DEBUG o.m.spring.SqlSessionFactoryBean - Parsed mapper file: 'file [C:\Temp\spring4\build\resources\main\mapper\memberMapper.xml]'
2024-12-30 11:49:03 [restartedMain] INFO  o.s.b.d.a.OptionalLiveReloadServer - LiveReload server is running on port 35729
2024-12-30 11:49:03 [restartedMain] INFO  o.s.b.a.e.web.EndpointLinksResolver - Exposing 1 endpoint(s) beneath base path '/actuator'
2024-12-30 11:49:03 [restartedMain] INFO  o.s.b.w.e.tomcat.TomcatWebServer - Tomcat started on port(s): 8888 (http) with context path ''
2024-12-30 11:49:03 [restartedMain] INFO  c.example.spring4.Spring4Application - Started Spring4Application in 3.301 seconds (process running for 4.121)
2024-12-30 11:49:03 [RMI TCP Connection(1)-192.168.56.1] INFO  com.zaxxer.hikari.HikariDataSource - MyHikariPool - Starting...
2024-12-30 11:49:03 [RMI TCP Connection(3)-192.168.56.1] INFO  o.a.c.c.C.[Tomcat].[localhost].[/] - Initializing Spring DispatcherServlet 'dispatcherServlet'
2024-12-30 11:49:03 [RMI TCP Connection(3)-192.168.56.1] INFO  o.s.web.servlet.DispatcherServlet - Initializing Servlet 'dispatcherServlet'
2024-12-30 11:49:03 [RMI TCP Connection(3)-192.168.56.1] DEBUG o.s.web.servlet.DispatcherServlet - Detected StandardServletMultipartResolver
2024-12-30 11:49:03 [RMI TCP Connection(3)-192.168.56.1] DEBUG o.s.web.servlet.DispatcherServlet - Detected AcceptHeaderLocaleResolver
2024-12-30 11:49:03 [RMI TCP Connection(3)-192.168.56.1] DEBUG o.s.web.servlet.DispatcherServlet - Detected FixedThemeResolver
2024-12-30 11:49:03 [RMI TCP Connection(3)-192.168.56.1] DEBUG o.s.web.servlet.DispatcherServlet - Detected org.springframework.web.servlet.view.DefaultRequestToViewNameTranslator@2c9347fc
2024-12-30 11:49:03 [RMI TCP Connection(3)-192.168.56.1] DEBUG o.s.web.servlet.DispatcherServlet - Detected org.springframework.web.servlet.support.SessionFlashMapManager@4a51f982
2024-12-30 11:49:03 [RMI TCP Connection(3)-192.168.56.1] DEBUG o.s.web.servlet.DispatcherServlet - enableLoggingRequestDetails='false': request parameters and headers will be masked to prevent unsafe logging of potentially sensitive data
2024-12-30 11:49:03 [RMI TCP Connection(3)-192.168.56.1] INFO  o.s.web.servlet.DispatcherServlet - Completed initialization in 3 ms
2024-12-30 11:49:03 [RMI TCP Connection(1)-192.168.56.1] INFO  com.zaxxer.hikari.pool.HikariPool - MyHikariPool - Added connection com.mysql.cj.jdbc.ConnectionImpl@4a2e1249
2024-12-30 11:49:03 [RMI TCP Connection(1)-192.168.56.1] INFO  com.zaxxer.hikari.HikariDataSource - MyHikariPool - Start completed.
2024-12-30 11:51:48 [SpringApplicationShutdownHook] INFO  com.zaxxer.hikari.HikariDataSource - MyHikariPool - Shutdown initiated...
2024-12-30 11:51:48 [SpringApplicationShutdownHook] INFO  com.zaxxer.hikari.HikariDataSource - MyHikariPool - Shutdown completed.
2024-12-30 11:51:52 [restartedMain] INFO  c.example.spring4.Spring4Application - Starting Spring4Application using Java 17 with PID 12760 (C:\Temp\spring4\build\classes\java\main started by a in C:\Temp\spring4)
2024-12-30 11:51:52 [restartedMain] DEBUG c.example.spring4.Spring4Application - Running with Spring Boot v3.0.2, Spring v6.0.4
2024-12-30 11:51:52 [restartedMain] INFO  c.example.spring4.Spring4Application - No active profile set, falling back to 1 default profile: "default"
2024-12-30 11:51:53 [restartedMain] INFO  o.s.b.d.e.DevToolsPropertyDefaultsPostProcessor - Devtools property defaults active! Set 'spring.devtools.add-properties' to 'false' to disable
2024-12-30 11:51:53 [restartedMain] INFO  o.s.b.d.e.DevToolsPropertyDefaultsPostProcessor - For additional web related logging consider setting the 'logging.level.web' property to 'DEBUG'
2024-12-30 11:51:53 [restartedMain] DEBUG o.m.s.b.a.MybatisAutoConfiguration - Searching for mappers annotated with @Mapper
2024-12-30 11:51:53 [restartedMain] DEBUG o.m.s.b.a.MybatisAutoConfiguration - Using auto-configuration base package 'com.example.spring4'
2024-12-30 11:51:54 [restartedMain] DEBUG o.apache.ibatis.logging.LogFactory - Logging initialized using 'class org.apache.ibatis.logging.slf4j.Slf4jImpl' adapter.
2024-12-30 11:51:54 [restartedMain] DEBUG o.m.s.mapper.ClassPathMapperScanner - Identified candidate component class: file [C:\Temp\spring4\build\classes\java\main\com\example\spring4\member\dao\MemberMapper.class]
2024-12-30 11:51:54 [restartedMain] DEBUG o.m.s.mapper.ClassPathMapperScanner - Creating MapperFactoryBean with name 'memberMapper' and 'com.example.spring4.member.dao.MemberMapper' mapperInterface
2024-12-30 11:51:54 [restartedMain] INFO  o.s.b.w.e.tomcat.TomcatWebServer - Tomcat initialized with port(s): 8888 (http)
2024-12-30 11:51:54 [restartedMain] INFO  o.a.catalina.core.StandardService - Starting service [Tomcat]
2024-12-30 11:51:54 [restartedMain] INFO  o.a.catalina.core.StandardEngine - Starting Servlet engine: [Apache Tomcat/10.1.5]
2024-12-30 11:51:54 [restartedMain] INFO  o.a.c.c.C.[Tomcat].[localhost].[/] - Initializing Spring embedded WebApplicationContext
2024-12-30 11:51:54 [restartedMain] DEBUG o.s.w.f.ServerHttpObservationFilter - Filter 'serverHttpObservationFilter' configured for use
2024-12-30 11:51:54 [restartedMain] DEBUG o.s.w.s.m.m.a.RequestMappingHandlerAdapter - ControllerAdvice beans: 0 @ModelAttribute, 0 @InitBinder, 1 RequestBodyAdvice, 1 ResponseBodyAdvice
2024-12-30 11:51:54 [restartedMain] INFO  o.s.b.a.w.s.WelcomePageHandlerMapping - Adding welcome page template: index
2024-12-30 11:51:54 [restartedMain] DEBUG o.s.w.s.m.m.a.RequestMappingHandlerMapping - 2 mappings in 'requestMappingHandlerMapping'
2024-12-30 11:51:55 [restartedMain] DEBUG o.s.w.s.h.SimpleUrlHandlerMapping - Patterns [/webjars/**, /**] in 'resourceHandlerMapping'
2024-12-30 11:51:55 [restartedMain] DEBUG o.s.w.s.m.m.a.ExceptionHandlerExceptionResolver - ControllerAdvice beans: 0 @ExceptionHandler, 1 ResponseBodyAdvice
2024-12-30 11:51:55 [restartedMain] DEBUG o.m.s.b.a.MybatisAutoConfiguration - Not found configuration for registering mapper bean using @MapperScan, MapperFactoryBean and MapperScannerConfigurer.
2024-12-30 11:51:55 [restartedMain] DEBUG o.m.spring.SqlSessionFactoryBean - Parsed mapper file: 'file [C:\Temp\spring4\build\resources\main\mapper\memberMapper.xml]'
2024-12-30 11:51:55 [restartedMain] INFO  o.s.b.d.a.OptionalLiveReloadServer - LiveReload server is running on port 35729
2024-12-30 11:51:55 [restartedMain] INFO  o.s.b.a.e.web.EndpointLinksResolver - Exposing 1 endpoint(s) beneath base path '/actuator'
2024-12-30 11:51:55 [restartedMain] INFO  o.s.b.w.e.tomcat.TomcatWebServer - Tomcat started on port(s): 8888 (http) with context path ''
2024-12-30 11:51:55 [restartedMain] INFO  c.example.spring4.Spring4Application - Started Spring4Application in 3.551 seconds (process running for 4.344)
2024-12-30 11:51:56 [RMI TCP Connection(2)-192.168.56.1] INFO  o.a.c.c.C.[Tomcat].[localhost].[/] - Initializing Spring DispatcherServlet 'dispatcherServlet'
2024-12-30 11:51:56 [RMI TCP Connection(2)-192.168.56.1] INFO  o.s.web.servlet.DispatcherServlet - Initializing Servlet 'dispatcherServlet'
2024-12-30 11:51:56 [RMI TCP Connection(2)-192.168.56.1] DEBUG o.s.web.servlet.DispatcherServlet - Detected StandardServletMultipartResolver
2024-12-30 11:51:56 [RMI TCP Connection(2)-192.168.56.1] DEBUG o.s.web.servlet.DispatcherServlet - Detected AcceptHeaderLocaleResolver
2024-12-30 11:51:56 [RMI TCP Connection(2)-192.168.56.1] DEBUG o.s.web.servlet.DispatcherServlet - Detected FixedThemeResolver
2024-12-30 11:51:56 [RMI TCP Connection(3)-192.168.56.1] INFO  com.zaxxer.hikari.HikariDataSource - MyHikariPool - Starting...
2024-12-30 11:51:56 [RMI TCP Connection(2)-192.168.56.1] DEBUG o.s.web.servlet.DispatcherServlet - Detected org.springframework.web.servlet.view.DefaultRequestToViewNameTranslator@6167a092
2024-12-30 11:51:56 [RMI TCP Connection(2)-192.168.56.1] DEBUG o.s.web.servlet.DispatcherServlet - Detected org.springframework.web.servlet.support.SessionFlashMapManager@7adc2b0f
2024-12-30 11:51:56 [RMI TCP Connection(2)-192.168.56.1] DEBUG o.s.web.servlet.DispatcherServlet - enableLoggingRequestDetails='false': request parameters and headers will be masked to prevent unsafe logging of potentially sensitive data
2024-12-30 11:51:56 [RMI TCP Connection(2)-192.168.56.1] INFO  o.s.web.servlet.DispatcherServlet - Completed initialization in 3 ms
2024-12-30 11:51:56 [RMI TCP Connection(3)-192.168.56.1] INFO  com.zaxxer.hikari.pool.HikariPool - MyHikariPool - Added connection com.mysql.cj.jdbc.ConnectionImpl@159e01a4
2024-12-30 11:51:56 [RMI TCP Connection(3)-192.168.56.1] INFO  com.zaxxer.hikari.HikariDataSource - MyHikariPool - Start completed.
2024-12-30 11:52:07 [http-nio-8888-exec-2] DEBUG o.s.web.servlet.DispatcherServlet - GET "/", parameters={}
2024-12-30 11:52:07 [http-nio-8888-exec-2] DEBUG o.s.w.s.v.ContentNegotiatingViewResolver - Selected 'text/html' given [text/html, application/xhtml+xml, image/avif, image/webp, image/apng, application/xml;q=0.9, */*;q=0.8, application/signed-exchange;v=b3;q=0.7]
2024-12-30 11:52:09 [http-nio-8888-exec-2] DEBUG o.s.web.servlet.DispatcherServlet - Completed 200 OK
2024-12-30 11:52:09 [http-nio-8888-exec-1] DEBUG o.s.web.servlet.DispatcherServlet - GET "/css/style.css", parameters={}
2024-12-30 11:52:09 [http-nio-8888-exec-3] DEBUG o.s.web.servlet.DispatcherServlet - GET "/img/coffee.png", parameters={}
2024-12-30 11:52:09 [http-nio-8888-exec-3] DEBUG o.s.w.s.h.SimpleUrlHandlerMapping - Mapped to ResourceHttpRequestHandler [classpath [META-INF/resources/], classpath [resources/], classpath [static/], classpath [public/], ServletContext [/]]
2024-12-30 11:52:09 [http-nio-8888-exec-1] DEBUG o.s.w.s.h.SimpleUrlHandlerMapping - Mapped to ResourceHttpRequestHandler [classpath [META-INF/resources/], classpath [resources/], classpath [static/], classpath [public/], ServletContext [/]]
2024-12-30 11:52:09 [http-nio-8888-exec-3] DEBUG o.s.web.servlet.DispatcherServlet - Completed 200 OK
2024-12-30 11:52:09 [http-nio-8888-exec-1] DEBUG o.s.web.servlet.DispatcherServlet - Completed 200 OK
2024-12-30 11:52:09 [http-nio-8888-exec-6] DEBUG o.s.web.servlet.DispatcherServlet - GET "/img/member.png", parameters={}
2024-12-30 11:52:09 [http-nio-8888-exec-5] DEBUG o.s.web.servlet.DispatcherServlet - GET "/img/bye.png", parameters={}
2024-12-30 11:52:09 [http-nio-8888-exec-6] DEBUG o.s.w.s.h.SimpleUrlHandlerMapping - Mapped to ResourceHttpRequestHandler [classpath [META-INF/resources/], classpath [resources/], classpath [static/], classpath [public/], ServletContext [/]]
2024-12-30 11:52:09 [http-nio-8888-exec-5] DEBUG o.s.w.s.h.SimpleUrlHandlerMapping - Mapped to ResourceHttpRequestHandler [classpath [META-INF/resources/], classpath [resources/], classpath [static/], classpath [public/], ServletContext [/]]
2024-12-30 11:52:09 [http-nio-8888-exec-8] DEBUG o.s.web.servlet.DispatcherServlet - GET "/img/product.png", parameters={}
2024-12-30 11:52:09 [http-nio-8888-exec-4] DEBUG o.s.web.servlet.DispatcherServlet - GET "/js/scripts.js", parameters={}
2024-12-30 11:52:09 [http-nio-8888-exec-7] DEBUG o.s.web.servlet.DispatcherServlet - GET "/img/board.png", parameters={}
2024-12-30 11:52:09 [http-nio-8888-exec-4] DEBUG o.s.w.s.h.SimpleUrlHandlerMapping - Mapped to ResourceHttpRequestHandler [classpath [META-INF/resources/], classpath [resources/], classpath [static/], classpath [public/], ServletContext [/]]
2024-12-30 11:52:09 [http-nio-8888-exec-7] DEBUG o.s.w.s.h.SimpleUrlHandlerMapping - Mapped to ResourceHttpRequestHandler [classpath [META-INF/resources/], classpath [resources/], classpath [static/], classpath [public/], ServletContext [/]]
2024-12-30 11:52:09 [http-nio-8888-exec-8] DEBUG o.s.w.s.h.SimpleUrlHandlerMapping - Mapped to ResourceHttpRequestHandler [classpath [META-INF/resources/], classpath [resources/], classpath [static/], classpath [public/], ServletContext [/]]
2024-12-30 11:52:09 [http-nio-8888-exec-9] DEBUG o.s.web.servlet.DispatcherServlet - GET "/img/cart.png", parameters={}
2024-12-30 11:52:09 [http-nio-8888-exec-9] DEBUG o.s.w.s.h.SimpleUrlHandlerMapping - Mapped to ResourceHttpRequestHandler [classpath [META-INF/resources/], classpath [resources/], classpath [static/], classpath [public/], ServletContext [/]]
2024-12-30 11:52:09 [http-nio-8888-exec-8] DEBUG o.s.web.servlet.DispatcherServlet - Completed 200 OK
2024-12-30 11:52:09 [http-nio-8888-exec-4] DEBUG o.s.web.servlet.DispatcherServlet - Completed 200 OK
2024-12-30 11:52:09 [http-nio-8888-exec-5] DEBUG o.s.web.servlet.DispatcherServlet - Completed 200 OK
2024-12-30 11:52:09 [http-nio-8888-exec-7] DEBUG o.s.web.servlet.DispatcherServlet - Completed 200 OK
2024-12-30 11:52:09 [http-nio-8888-exec-9] DEBUG o.s.web.servlet.DispatcherServlet - Completed 200 OK
2024-12-30 11:52:09 [http-nio-8888-exec-6] DEBUG o.s.web.servlet.DispatcherServlet - Completed 200 OK
2024-12-30 11:52:13 [http-nio-8888-exec-10] DEBUG o.s.web.servlet.DispatcherServlet - POST "/member/login", parameters={masked}
2024-12-30 11:52:13 [http-nio-8888-exec-10] DEBUG o.s.w.s.h.SimpleUrlHandlerMapping - Mapped to ResourceHttpRequestHandler [classpath [META-INF/resources/], classpath [resources/], classpath [static/], classpath [public/], ServletContext [/]]
2024-12-30 11:52:13 [http-nio-8888-exec-10] DEBUG o.s.w.s.r.ResourceHttpRequestHandler - Resource not found
2024-12-30 11:52:13 [http-nio-8888-exec-10] DEBUG o.s.web.servlet.DispatcherServlet - Completed 404 NOT_FOUND
2024-12-30 11:52:13 [http-nio-8888-exec-10] DEBUG o.s.web.servlet.DispatcherServlet - "ERROR" dispatch for POST "/error", parameters={masked}
2024-12-30 11:52:13 [http-nio-8888-exec-10] DEBUG o.s.w.s.m.m.a.RequestMappingHandlerMapping - Mapped to org.springframework.boot.autoconfigure.web.servlet.error.BasicErrorController#errorHtml(HttpServletRequest, HttpServletResponse)
2024-12-30 11:52:13 [http-nio-8888-exec-10] DEBUG o.s.w.s.v.ContentNegotiatingViewResolver - Selected 'text/html' given [text/html, text/html;q=0.8]
2024-12-30 11:52:13 [http-nio-8888-exec-10] DEBUG o.s.web.servlet.DispatcherServlet - Exiting from "ERROR" dispatch, status 404
2024-12-30 11:52:13 [http-nio-8888-exec-2] DEBUG o.s.web.servlet.DispatcherServlet - GET "/favicon.ico", parameters={}
2024-12-30 11:52:13 [http-nio-8888-exec-2] DEBUG o.s.w.s.h.SimpleUrlHandlerMapping - Mapped to ResourceHttpRequestHandler [classpath [META-INF/resources/], classpath [resources/], classpath [static/], classpath [public/], ServletContext [/]]
2024-12-30 11:52:13 [http-nio-8888-exec-2] DEBUG o.s.w.s.r.ResourceHttpRequestHandler - Resource not found
2024-12-30 11:52:13 [http-nio-8888-exec-2] DEBUG o.s.web.servlet.DispatcherServlet - Completed 404 NOT_FOUND
2024-12-30 11:52:13 [http-nio-8888-exec-2] DEBUG o.s.web.servlet.DispatcherServlet - "ERROR" dispatch for GET "/error", parameters={}
2024-12-30 11:52:13 [http-nio-8888-exec-2] DEBUG o.s.w.s.m.m.a.RequestMappingHandlerMapping - Mapped to org.springframework.boot.autoconfigure.web.servlet.error.BasicErrorController#error(HttpServletRequest)
2024-12-30 11:52:13 [http-nio-8888-exec-2] DEBUG o.s.w.s.m.m.a.HttpEntityMethodProcessor - Using 'application/json;q=0.8', given [image/avif, image/webp, image/apng, image/svg+xml, image/*, */*;q=0.8] and supported [application/json, application/*+json]
2024-12-30 11:52:13 [http-nio-8888-exec-2] DEBUG o.s.w.s.m.m.a.HttpEntityMethodProcessor - Writing [{timestamp=Mon Dec 30 11:52:13 KST 2024, status=404, error=Not Found, message=No message available,  (truncated)...]
2024-12-30 11:52:13 [http-nio-8888-exec-2] DEBUG o.s.web.servlet.DispatcherServlet - Exiting from "ERROR" dispatch, status 404
2024-12-30 11:52:15 [http-nio-8888-exec-3] DEBUG o.s.web.servlet.DispatcherServlet - GET "/", parameters={}
2024-12-30 11:52:15 [http-nio-8888-exec-3] DEBUG o.s.w.s.v.ContentNegotiatingViewResolver - Selected 'text/html' given [text/html, application/xhtml+xml, image/avif, image/webp, image/apng, application/xml;q=0.9, */*;q=0.8, application/signed-exchange;v=b3;q=0.7]
2024-12-30 11:52:15 [http-nio-8888-exec-3] DEBUG o.s.web.servlet.DispatcherServlet - Completed 200 OK
2024-12-30 11:52:15 [http-nio-8888-exec-1] DEBUG o.s.web.servlet.DispatcherServlet - GET "/css/style.css", parameters={}
2024-12-30 11:52:15 [http-nio-8888-exec-8] DEBUG o.s.web.servlet.DispatcherServlet - GET "/img/coffee.png", parameters={}
2024-12-30 11:52:15 [http-nio-8888-exec-1] DEBUG o.s.w.s.h.SimpleUrlHandlerMapping - Mapped to ResourceHttpRequestHandler [classpath [META-INF/resources/], classpath [resources/], classpath [static/], classpath [public/], ServletContext [/]]
2024-12-30 11:52:15 [http-nio-8888-exec-8] DEBUG o.s.w.s.h.SimpleUrlHandlerMapping - Mapped to ResourceHttpRequestHandler [classpath [META-INF/resources/], classpath [resources/], classpath [static/], classpath [public/], ServletContext [/]]
2024-12-30 11:52:15 [http-nio-8888-exec-8] DEBUG o.s.web.servlet.DispatcherServlet - Completed 200 OK
2024-12-30 11:52:15 [http-nio-8888-exec-1] DEBUG o.s.web.servlet.DispatcherServlet - Completed 200 OK
2024-12-30 11:52:15 [http-nio-8888-exec-4] DEBUG o.s.web.servlet.DispatcherServlet - GET "/js/scripts.js", parameters={}
2024-12-30 11:52:15 [http-nio-8888-exec-4] DEBUG o.s.w.s.h.SimpleUrlHandlerMapping - Mapped to ResourceHttpRequestHandler [classpath [META-INF/resources/], classpath [resources/], classpath [static/], classpath [public/], ServletContext [/]]
2024-12-30 11:52:15 [http-nio-8888-exec-9] DEBUG o.s.web.servlet.DispatcherServlet - GET "/img/board.png", parameters={}
2024-12-30 11:52:15 [http-nio-8888-exec-5] DEBUG o.s.web.servlet.DispatcherServlet - GET "/img/bye.png", parameters={}
2024-12-30 11:52:15 [http-nio-8888-exec-7] DEBUG o.s.web.servlet.DispatcherServlet - GET "/img/member.png", parameters={}
2024-12-30 11:52:15 [http-nio-8888-exec-9] DEBUG o.s.w.s.h.SimpleUrlHandlerMapping - Mapped to ResourceHttpRequestHandler [classpath [META-INF/resources/], classpath [resources/], classpath [static/], classpath [public/], ServletContext [/]]
2024-12-30 11:52:15 [http-nio-8888-exec-10] DEBUG o.s.web.servlet.DispatcherServlet - GET "/img/cart.png", parameters={}
2024-12-30 11:52:15 [http-nio-8888-exec-6] DEBUG o.s.web.servlet.DispatcherServlet - GET "/img/product.png", parameters={}
2024-12-30 11:52:15 [http-nio-8888-exec-5] DEBUG o.s.w.s.h.SimpleUrlHandlerMapping - Mapped to ResourceHttpRequestHandler [classpath [META-INF/resources/], classpath [resources/], classpath [static/], classpath [public/], ServletContext [/]]
2024-12-30 11:52:15 [http-nio-8888-exec-10] DEBUG o.s.w.s.h.SimpleUrlHandlerMapping - Mapped to ResourceHttpRequestHandler [classpath [META-INF/resources/], classpath [resources/], classpath [static/], classpath [public/], ServletContext [/]]
2024-12-30 11:52:15 [http-nio-8888-exec-6] DEBUG o.s.w.s.h.SimpleUrlHandlerMapping - Mapped to ResourceHttpRequestHandler [classpath [META-INF/resources/], classpath [resources/], classpath [static/], classpath [public/], ServletContext [/]]
2024-12-30 11:52:15 [http-nio-8888-exec-7] DEBUG o.s.w.s.h.SimpleUrlHandlerMapping - Mapped to ResourceHttpRequestHandler [classpath [META-INF/resources/], classpath [resources/], classpath [static/], classpath [public/], ServletContext [/]]
2024-12-30 11:52:15 [http-nio-8888-exec-4] DEBUG o.s.web.servlet.DispatcherServlet - Completed 200 OK
2024-12-30 11:52:15 [http-nio-8888-exec-5] DEBUG o.s.web.servlet.DispatcherServlet - Completed 200 OK
2024-12-30 11:52:15 [http-nio-8888-exec-7] DEBUG o.s.web.servlet.DispatcherServlet - Completed 200 OK
2024-12-30 11:52:15 [http-nio-8888-exec-10] DEBUG o.s.web.servlet.DispatcherServlet - Completed 200 OK
2024-12-30 11:52:15 [http-nio-8888-exec-6] DEBUG o.s.web.servlet.DispatcherServlet - Completed 200 OK
2024-12-30 11:52:15 [http-nio-8888-exec-9] DEBUG o.s.web.servlet.DispatcherServlet - Completed 200 OK
2024-12-30 11:52:15 [http-nio-8888-exec-2] DEBUG o.s.web.servlet.DispatcherServlet - GET "/assets/favicon.ico", parameters={}
2024-12-30 11:52:15 [http-nio-8888-exec-2] DEBUG o.s.w.s.h.SimpleUrlHandlerMapping - Mapped to ResourceHttpRequestHandler [classpath [META-INF/resources/], classpath [resources/], classpath [static/], classpath [public/], ServletContext [/]]
2024-12-30 11:52:15 [http-nio-8888-exec-2] DEBUG o.s.web.servlet.DispatcherServlet - Completed 200 OK
2024-12-30 11:52:49 [http-nio-8888-exec-3] DEBUG o.s.web.servlet.DispatcherServlet - GET "/member/create", parameters={}
2024-12-30 11:52:49 [http-nio-8888-exec-3] DEBUG o.s.w.s.h.SimpleUrlHandlerMapping - Mapped to ResourceHttpRequestHandler [classpath [META-INF/resources/], classpath [resources/], classpath [static/], classpath [public/], ServletContext [/]]
2024-12-30 11:52:49 [http-nio-8888-exec-3] DEBUG o.s.w.s.r.ResourceHttpRequestHandler - Resource not found
2024-12-30 11:52:49 [http-nio-8888-exec-3] DEBUG o.s.web.servlet.DispatcherServlet - Completed 404 NOT_FOUND
2024-12-30 11:52:49 [http-nio-8888-exec-3] DEBUG o.s.web.servlet.DispatcherServlet - "ERROR" dispatch for GET "/error", parameters={}
2024-12-30 11:52:49 [http-nio-8888-exec-3] DEBUG o.s.w.s.m.m.a.RequestMappingHandlerMapping - Mapped to org.springframework.boot.autoconfigure.web.servlet.error.BasicErrorController#errorHtml(HttpServletRequest, HttpServletResponse)
2024-12-30 11:52:49 [http-nio-8888-exec-3] DEBUG o.s.w.s.v.ContentNegotiatingViewResolver - Selected 'text/html' given [text/html, text/html;q=0.8]
2024-12-30 11:52:49 [http-nio-8888-exec-3] DEBUG o.s.web.servlet.DispatcherServlet - Exiting from "ERROR" dispatch, status 404
2024-12-30 11:52:51 [http-nio-8888-exec-8] DEBUG o.s.web.servlet.DispatcherServlet - GET "/css/style.css", parameters={}
2024-12-30 11:52:51 [http-nio-8888-exec-8] DEBUG o.s.w.s.h.SimpleUrlHandlerMapping - Mapped to ResourceHttpRequestHandler [classpath [META-INF/resources/], classpath [resources/], classpath [static/], classpath [public/], ServletContext [/]]
2024-12-30 11:52:51 [http-nio-8888-exec-8] DEBUG o.s.web.servlet.DispatcherServlet - Completed 200 OK
2024-12-30 11:52:51 [http-nio-8888-exec-1] DEBUG o.s.web.servlet.DispatcherServlet - GET "/img/coffee.png", parameters={}
2024-12-30 11:52:51 [http-nio-8888-exec-1] DEBUG o.s.w.s.h.SimpleUrlHandlerMapping - Mapped to ResourceHttpRequestHandler [classpath [META-INF/resources/], classpath [resources/], classpath [static/], classpath [public/], ServletContext [/]]
2024-12-30 11:52:51 [http-nio-8888-exec-1] DEBUG o.s.web.servlet.DispatcherServlet - Completed 200 OK
2024-12-30 11:52:51 [http-nio-8888-exec-4] DEBUG o.s.web.servlet.DispatcherServlet - GET "/js/scripts.js", parameters={}
2024-12-30 11:52:51 [http-nio-8888-exec-4] DEBUG o.s.w.s.h.SimpleUrlHandlerMapping - Mapped to ResourceHttpRequestHandler [classpath [META-INF/resources/], classpath [resources/], classpath [static/], classpath [public/], ServletContext [/]]
2024-12-30 11:52:51 [http-nio-8888-exec-4] DEBUG o.s.web.servlet.DispatcherServlet - Completed 200 OK
2024-12-30 11:52:51 [http-nio-8888-exec-5] DEBUG o.s.web.servlet.DispatcherServlet - GET "/img/bye.png", parameters={}
2024-12-30 11:52:51 [http-nio-8888-exec-7] DEBUG o.s.web.servlet.DispatcherServlet - GET "/img/board.png", parameters={}
2024-12-30 11:52:51 [http-nio-8888-exec-5] DEBUG o.s.w.s.h.SimpleUrlHandlerMapping - Mapped to ResourceHttpRequestHandler [classpath [META-INF/resources/], classpath [resources/], classpath [static/], classpath [public/], ServletContext [/]]
2024-12-30 11:52:51 [http-nio-8888-exec-7] DEBUG o.s.w.s.h.SimpleUrlHandlerMapping - Mapped to ResourceHttpRequestHandler [classpath [META-INF/resources/], classpath [resources/], classpath [static/], classpath [public/], ServletContext [/]]
2024-12-30 11:52:51 [http-nio-8888-exec-6] DEBUG o.s.web.servlet.DispatcherServlet - GET "/img/member.png", parameters={}
2024-12-30 11:52:51 [http-nio-8888-exec-6] DEBUG o.s.w.s.h.SimpleUrlHandlerMapping - Mapped to ResourceHttpRequestHandler [classpath [META-INF/resources/], classpath [resources/], classpath [static/], classpath [public/], ServletContext [/]]
2024-12-30 11:52:51 [http-nio-8888-exec-10] DEBUG o.s.web.servlet.DispatcherServlet - GET "/img/product.png", parameters={}
2024-12-30 11:52:51 [http-nio-8888-exec-9] DEBUG o.s.web.servlet.DispatcherServlet - GET "/img/cart.png", parameters={}
2024-12-30 11:52:51 [http-nio-8888-exec-10] DEBUG o.s.w.s.h.SimpleUrlHandlerMapping - Mapped to ResourceHttpRequestHandler [classpath [META-INF/resources/], classpath [resources/], classpath [static/], classpath [public/], ServletContext [/]]
2024-12-30 11:52:51 [http-nio-8888-exec-9] DEBUG o.s.w.s.h.SimpleUrlHandlerMapping - Mapped to ResourceHttpRequestHandler [classpath [META-INF/resources/], classpath [resources/], classpath [static/], classpath [public/], ServletContext [/]]
2024-12-30 11:52:51 [http-nio-8888-exec-7] DEBUG o.s.web.servlet.DispatcherServlet - Completed 200 OK
2024-12-30 11:52:51 [http-nio-8888-exec-6] DEBUG o.s.web.servlet.DispatcherServlet - Completed 200 OK
2024-12-30 11:52:51 [http-nio-8888-exec-10] DEBUG o.s.web.servlet.DispatcherServlet - Completed 200 OK
2024-12-30 11:52:51 [http-nio-8888-exec-9] DEBUG o.s.web.servlet.DispatcherServlet - Completed 200 OK
2024-12-30 11:52:51 [http-nio-8888-exec-5] DEBUG o.s.web.servlet.DispatcherServlet - Completed 200 OK
2024-12-30 12:10:28 [http-nio-8888-exec-6] DEBUG o.s.web.servlet.DispatcherServlet - GET "/", parameters={}
2024-12-30 12:10:28 [http-nio-8888-exec-6] DEBUG o.s.w.s.v.ContentNegotiatingViewResolver - Selected 'text/html' given [text/html, application/xhtml+xml, image/avif, image/webp, image/apng, application/xml;q=0.9, */*;q=0.8, application/signed-exchange;v=b3;q=0.7]
2024-12-30 12:10:28 [http-nio-8888-exec-6] DEBUG o.s.web.servlet.DispatcherServlet - Completed 200 OK
2024-12-30 12:10:28 [http-nio-8888-exec-10] DEBUG o.s.web.servlet.DispatcherServlet - GET "/css/style.css", parameters={}
2024-12-30 12:10:28 [http-nio-8888-exec-10] DEBUG o.s.w.s.h.SimpleUrlHandlerMapping - Mapped to ResourceHttpRequestHandler [classpath [META-INF/resources/], classpath [resources/], classpath [static/], classpath [public/], ServletContext [/]]
2024-12-30 12:10:28 [http-nio-8888-exec-10] DEBUG o.s.web.servlet.DispatcherServlet - Completed 200 OK
2024-12-30 12:10:28 [http-nio-8888-exec-9] DEBUG o.s.web.servlet.DispatcherServlet - GET "/img/coffee.png", parameters={}
2024-12-30 12:10:28 [http-nio-8888-exec-1] DEBUG o.s.web.servlet.DispatcherServlet - GET "/img/member.png", parameters={}
2024-12-30 12:10:28 [http-nio-8888-exec-5] DEBUG o.s.web.servlet.DispatcherServlet - GET "/js/scripts.js", parameters={}
2024-12-30 12:10:28 [http-nio-8888-exec-1] DEBUG o.s.w.s.h.SimpleUrlHandlerMapping - Mapped to ResourceHttpRequestHandler [classpath [META-INF/resources/], classpath [resources/], classpath [static/], classpath [public/], ServletContext [/]]
2024-12-30 12:10:28 [http-nio-8888-exec-5] DEBUG o.s.w.s.h.SimpleUrlHandlerMapping - Mapped to ResourceHttpRequestHandler [classpath [META-INF/resources/], classpath [resources/], classpath [static/], classpath [public/], ServletContext [/]]
2024-12-30 12:10:28 [http-nio-8888-exec-4] DEBUG o.s.web.servlet.DispatcherServlet - GET "/img/product.png", parameters={}
2024-12-30 12:10:28 [http-nio-8888-exec-4] DEBUG o.s.w.s.h.SimpleUrlHandlerMapping - Mapped to ResourceHttpRequestHandler [classpath [META-INF/resources/], classpath [resources/], classpath [static/], classpath [public/], ServletContext [/]]
2024-12-30 12:10:28 [http-nio-8888-exec-3] DEBUG o.s.web.servlet.DispatcherServlet - GET "/img/board.png", parameters={}
2024-12-30 12:10:28 [http-nio-8888-exec-3] DEBUG o.s.w.s.h.SimpleUrlHandlerMapping - Mapped to ResourceHttpRequestHandler [classpath [META-INF/resources/], classpath [resources/], classpath [static/], classpath [public/], ServletContext [/]]
2024-12-30 12:10:28 [http-nio-8888-exec-2] DEBUG o.s.web.servlet.DispatcherServlet - GET "/img/bye.png", parameters={}
2024-12-30 12:10:28 [http-nio-8888-exec-2] DEBUG o.s.w.s.h.SimpleUrlHandlerMapping - Mapped to ResourceHttpRequestHandler [classpath [META-INF/resources/], classpath [resources/], classpath [static/], classpath [public/], ServletContext [/]]
2024-12-30 12:10:28 [http-nio-8888-exec-9] DEBUG o.s.w.s.h.SimpleUrlHandlerMapping - Mapped to ResourceHttpRequestHandler [classpath [META-INF/resources/], classpath [resources/], classpath [static/], classpath [public/], ServletContext [/]]
2024-12-30 12:10:28 [http-nio-8888-exec-3] DEBUG o.s.web.servlet.DispatcherServlet - Completed 200 OK
2024-12-30 12:10:28 [http-nio-8888-exec-4] DEBUG o.s.web.servlet.DispatcherServlet - Completed 200 OK
2024-12-30 12:10:28 [http-nio-8888-exec-8] DEBUG o.s.web.servlet.DispatcherServlet - GET "/img/cart.png", parameters={}
2024-12-30 12:10:28 [http-nio-8888-exec-8] DEBUG o.s.w.s.h.SimpleUrlHandlerMapping - Mapped to ResourceHttpRequestHandler [classpath [META-INF/resources/], classpath [resources/], classpath [static/], classpath [public/], ServletContext [/]]
2024-12-30 12:10:28 [http-nio-8888-exec-5] DEBUG o.s.web.servlet.DispatcherServlet - Completed 200 OK
2024-12-30 12:10:28 [http-nio-8888-exec-1] DEBUG o.s.web.servlet.DispatcherServlet - Completed 200 OK
2024-12-30 12:10:28 [http-nio-8888-exec-8] DEBUG o.s.web.servlet.DispatcherServlet - Completed 200 OK
2024-12-30 12:10:28 [http-nio-8888-exec-9] DEBUG o.s.web.servlet.DispatcherServlet - Completed 200 OK
2024-12-30 12:10:28 [http-nio-8888-exec-2] DEBUG o.s.web.servlet.DispatcherServlet - Completed 200 OK
2024-12-30 12:10:38 [SpringApplicationShutdownHook] INFO  com.zaxxer.hikari.HikariDataSource - MyHikariPool - Shutdown initiated...
2024-12-30 12:10:38 [SpringApplicationShutdownHook] INFO  com.zaxxer.hikari.HikariDataSource - MyHikariPool - Shutdown completed.
2024-12-30 12:10:41 [restartedMain] INFO  c.example.spring4.Spring4Application - Starting Spring4Application using Java 17 with PID 8608 (C:\Temp\spring4\build\classes\java\main started by a in C:\Temp\spring4)
2024-12-30 12:10:41 [restartedMain] DEBUG c.example.spring4.Spring4Application - Running with Spring Boot v3.0.2, Spring v6.0.4
2024-12-30 12:10:41 [restartedMain] INFO  c.example.spring4.Spring4Application - No active profile set, falling back to 1 default profile: "default"
2024-12-30 12:10:41 [restartedMain] INFO  o.s.b.d.e.DevToolsPropertyDefaultsPostProcessor - Devtools property defaults active! Set 'spring.devtools.add-properties' to 'false' to disable
2024-12-30 12:10:41 [restartedMain] INFO  o.s.b.d.e.DevToolsPropertyDefaultsPostProcessor - For additional web related logging consider setting the 'logging.level.web' property to 'DEBUG'
2024-12-30 12:10:42 [restartedMain] DEBUG o.m.s.b.a.MybatisAutoConfiguration - Searching for mappers annotated with @Mapper
2024-12-30 12:10:42 [restartedMain] DEBUG o.m.s.b.a.MybatisAutoConfiguration - Using auto-configuration base package 'com.example.spring4'
2024-12-30 12:10:42 [restartedMain] DEBUG o.apache.ibatis.logging.LogFactory - Logging initialized using 'class org.apache.ibatis.logging.slf4j.Slf4jImpl' adapter.
2024-12-30 12:10:42 [restartedMain] DEBUG o.m.s.mapper.ClassPathMapperScanner - Identified candidate component class: file [C:\Temp\spring4\build\classes\java\main\com\example\spring4\member\dao\MemberMapper.class]
2024-12-30 12:10:42 [restartedMain] DEBUG o.m.s.mapper.ClassPathMapperScanner - Creating MapperFactoryBean with name 'memberMapper' and 'com.example.spring4.member.dao.MemberMapper' mapperInterface
2024-12-30 12:10:43 [restartedMain] INFO  o.s.b.w.e.tomcat.TomcatWebServer - Tomcat initialized with port(s): 8888 (http)
2024-12-30 12:10:43 [restartedMain] INFO  o.a.catalina.core.StandardService - Starting service [Tomcat]
2024-12-30 12:10:43 [restartedMain] INFO  o.a.catalina.core.StandardEngine - Starting Servlet engine: [Apache Tomcat/10.1.5]
2024-12-30 12:10:43 [restartedMain] INFO  o.a.c.c.C.[Tomcat].[localhost].[/] - Initializing Spring embedded WebApplicationContext
2024-12-30 12:10:43 [restartedMain] DEBUG o.s.w.f.ServerHttpObservationFilter - Filter 'serverHttpObservationFilter' configured for use
2024-12-30 12:10:43 [restartedMain] DEBUG o.s.w.s.m.m.a.RequestMappingHandlerAdapter - ControllerAdvice beans: 0 @ModelAttribute, 0 @InitBinder, 1 RequestBodyAdvice, 1 ResponseBodyAdvice
2024-12-30 12:10:43 [restartedMain] INFO  o.s.b.a.w.s.WelcomePageHandlerMapping - Adding welcome page template: index
2024-12-30 12:10:43 [restartedMain] DEBUG o.s.w.s.m.m.a.RequestMappingHandlerMapping - 2 mappings in 'requestMappingHandlerMapping'
2024-12-30 12:10:43 [restartedMain] DEBUG o.s.w.s.h.SimpleUrlHandlerMapping - Patterns [/webjars/**, /**] in 'resourceHandlerMapping'
2024-12-30 12:10:43 [restartedMain] DEBUG o.s.w.s.m.m.a.ExceptionHandlerExceptionResolver - ControllerAdvice beans: 0 @ExceptionHandler, 1 ResponseBodyAdvice
2024-12-30 12:10:43 [restartedMain] DEBUG o.m.s.b.a.MybatisAutoConfiguration - Not found configuration for registering mapper bean using @MapperScan, MapperFactoryBean and MapperScannerConfigurer.
2024-12-30 12:10:43 [restartedMain] DEBUG o.m.spring.SqlSessionFactoryBean - Parsed mapper file: 'file [C:\Temp\spring4\build\resources\main\mapper\memberMapper.xml]'
2024-12-30 12:10:44 [restartedMain] INFO  o.s.b.d.a.OptionalLiveReloadServer - LiveReload server is running on port 35729
2024-12-30 12:10:44 [restartedMain] INFO  o.s.b.a.e.web.EndpointLinksResolver - Exposing 1 endpoint(s) beneath base path '/actuator'
2024-12-30 12:10:44 [restartedMain] INFO  o.s.b.w.e.tomcat.TomcatWebServer - Tomcat started on port(s): 8888 (http) with context path ''
2024-12-30 12:10:44 [restartedMain] INFO  c.example.spring4.Spring4Application - Started Spring4Application in 3.062 seconds (process running for 3.71)
2024-12-30 12:10:44 [RMI TCP Connection(3)-192.168.56.1] INFO  o.a.c.c.C.[Tomcat].[localhost].[/] - Initializing Spring DispatcherServlet 'dispatcherServlet'
2024-12-30 12:10:44 [RMI TCP Connection(3)-192.168.56.1] INFO  o.s.web.servlet.DispatcherServlet - Initializing Servlet 'dispatcherServlet'
2024-12-30 12:10:44 [RMI TCP Connection(3)-192.168.56.1] DEBUG o.s.web.servlet.DispatcherServlet - Detected StandardServletMultipartResolver
2024-12-30 12:10:44 [RMI TCP Connection(3)-192.168.56.1] DEBUG o.s.web.servlet.DispatcherServlet - Detected AcceptHeaderLocaleResolver
2024-12-30 12:10:44 [RMI TCP Connection(3)-192.168.56.1] DEBUG o.s.web.servlet.DispatcherServlet - Detected FixedThemeResolver
2024-12-30 12:10:44 [RMI TCP Connection(3)-192.168.56.1] DEBUG o.s.web.servlet.DispatcherServlet - Detected org.springframework.web.servlet.view.DefaultRequestToViewNameTranslator@58e77a63
2024-12-30 12:10:44 [RMI TCP Connection(3)-192.168.56.1] DEBUG o.s.web.servlet.DispatcherServlet - Detected org.springframework.web.servlet.support.SessionFlashMapManager@17d369bd
2024-12-30 12:10:44 [RMI TCP Connection(3)-192.168.56.1] DEBUG o.s.web.servlet.DispatcherServlet - enableLoggingRequestDetails='false': request parameters and headers will be masked to prevent unsafe logging of potentially sensitive data
2024-12-30 12:10:44 [RMI TCP Connection(3)-192.168.56.1] INFO  o.s.web.servlet.DispatcherServlet - Completed initialization in 6 ms
2024-12-30 12:10:44 [RMI TCP Connection(2)-192.168.56.1] INFO  com.zaxxer.hikari.HikariDataSource - MyHikariPool - Starting...
2024-12-30 12:10:44 [RMI TCP Connection(2)-192.168.56.1] INFO  com.zaxxer.hikari.pool.HikariPool - MyHikariPool - Added connection com.mysql.cj.jdbc.ConnectionImpl@53dd03d0
2024-12-30 12:10:44 [RMI TCP Connection(2)-192.168.56.1] INFO  com.zaxxer.hikari.HikariDataSource - MyHikariPool - Start completed.
2024-12-30 12:10:52 [http-nio-8888-exec-1] DEBUG o.s.web.servlet.DispatcherServlet - GET "/", parameters={}
2024-12-30 12:10:52 [http-nio-8888-exec-1] DEBUG o.s.w.s.v.ContentNegotiatingViewResolver - Selected 'text/html' given [text/html, application/xhtml+xml, image/avif, image/webp, image/apng, application/xml;q=0.9, */*;q=0.8, application/signed-exchange;v=b3;q=0.7]
2024-12-30 12:10:53 [http-nio-8888-exec-1] DEBUG o.s.web.servlet.DispatcherServlet - Completed 200 OK
2024-12-30 12:10:53 [http-nio-8888-exec-2] DEBUG o.s.web.servlet.DispatcherServlet - GET "/css/style.css", parameters={}
2024-12-30 12:10:53 [http-nio-8888-exec-3] DEBUG o.s.web.servlet.DispatcherServlet - GET "/img/coffee.png", parameters={}
2024-12-30 12:10:53 [http-nio-8888-exec-2] DEBUG o.s.w.s.h.SimpleUrlHandlerMapping - Mapped to ResourceHttpRequestHandler [classpath [META-INF/resources/], classpath [resources/], classpath [static/], classpath [public/], ServletContext [/]]
2024-12-30 12:10:53 [http-nio-8888-exec-3] DEBUG o.s.w.s.h.SimpleUrlHandlerMapping - Mapped to ResourceHttpRequestHandler [classpath [META-INF/resources/], classpath [resources/], classpath [static/], classpath [public/], ServletContext [/]]
2024-12-30 12:10:53 [http-nio-8888-exec-3] DEBUG o.s.web.servlet.DispatcherServlet - Completed 200 OK
2024-12-30 12:10:53 [http-nio-8888-exec-2] DEBUG o.s.web.servlet.DispatcherServlet - Completed 200 OK
2024-12-30 12:10:53 [http-nio-8888-exec-2] DEBUG o.s.web.servlet.DispatcherServlet - GET "/js/scripts.js", parameters={}
2024-12-30 12:10:53 [http-nio-8888-exec-2] DEBUG o.s.w.s.h.SimpleUrlHandlerMapping - Mapped to ResourceHttpRequestHandler [classpath [META-INF/resources/], classpath [resources/], classpath [static/], classpath [public/], ServletContext [/]]
2024-12-30 12:10:53 [http-nio-8888-exec-4] DEBUG o.s.web.servlet.DispatcherServlet - GET "/img/bye.png", parameters={}
2024-12-30 12:10:53 [http-nio-8888-exec-6] DEBUG o.s.web.servlet.DispatcherServlet - GET "/img/board.png", parameters={}
2024-12-30 12:10:53 [http-nio-8888-exec-4] DEBUG o.s.w.s.h.SimpleUrlHandlerMapping - Mapped to ResourceHttpRequestHandler [classpath [META-INF/resources/], classpath [resources/], classpath [static/], classpath [public/], ServletContext [/]]
2024-12-30 12:10:53 [http-nio-8888-exec-8] DEBUG o.s.web.servlet.DispatcherServlet - GET "/img/product.png", parameters={}
2024-12-30 12:10:53 [http-nio-8888-exec-5] DEBUG o.s.web.servlet.DispatcherServlet - GET "/img/member.png", parameters={}
2024-12-30 12:10:53 [http-nio-8888-exec-6] DEBUG o.s.w.s.h.SimpleUrlHandlerMapping - Mapped to ResourceHttpRequestHandler [classpath [META-INF/resources/], classpath [resources/], classpath [static/], classpath [public/], ServletContext [/]]
2024-12-30 12:10:53 [http-nio-8888-exec-5] DEBUG o.s.w.s.h.SimpleUrlHandlerMapping - Mapped to ResourceHttpRequestHandler [classpath [META-INF/resources/], classpath [resources/], classpath [static/], classpath [public/], ServletContext [/]]
2024-12-30 12:10:53 [http-nio-8888-exec-7] DEBUG o.s.web.servlet.DispatcherServlet - GET "/img/cart.png", parameters={}
2024-12-30 12:10:53 [http-nio-8888-exec-8] DEBUG o.s.w.s.h.SimpleUrlHandlerMapping - Mapped to ResourceHttpRequestHandler [classpath [META-INF/resources/], classpath [resources/], classpath [static/], classpath [public/], ServletContext [/]]
2024-12-30 12:10:53 [http-nio-8888-exec-7] DEBUG o.s.w.s.h.SimpleUrlHandlerMapping - Mapped to ResourceHttpRequestHandler [classpath [META-INF/resources/], classpath [resources/], classpath [static/], classpath [public/], ServletContext [/]]
2024-12-30 12:10:53 [http-nio-8888-exec-2] DEBUG o.s.web.servlet.DispatcherServlet - Completed 200 OK
2024-12-30 12:10:53 [http-nio-8888-exec-8] DEBUG o.s.web.servlet.DispatcherServlet - Completed 200 OK
2024-12-30 12:10:53 [http-nio-8888-exec-5] DEBUG o.s.web.servlet.DispatcherServlet - Completed 200 OK
2024-12-30 12:10:53 [http-nio-8888-exec-4] DEBUG o.s.web.servlet.DispatcherServlet - Completed 200 OK
2024-12-30 12:10:53 [http-nio-8888-exec-7] DEBUG o.s.web.servlet.DispatcherServlet - Completed 200 OK
2024-12-30 12:10:53 [http-nio-8888-exec-6] DEBUG o.s.web.servlet.DispatcherServlet - Completed 200 OK
2024-12-30 12:10:59 [SpringApplicationShutdownHook] INFO  com.zaxxer.hikari.HikariDataSource - MyHikariPool - Shutdown initiated...
2024-12-30 12:10:59 [SpringApplicationShutdownHook] INFO  com.zaxxer.hikari.HikariDataSource - MyHikariPool - Shutdown completed.
2024-12-30 17:18:46 [restartedMain] INFO  c.example.spring4.Spring4Application - Starting Spring4Application using Java 17 with PID 13500 (C:\Temp\mybatis0\build\classes\java\main started by a in C:\Temp\mybatis0)
2024-12-30 17:18:46 [restartedMain] DEBUG c.example.spring4.Spring4Application - Running with Spring Boot v3.0.2, Spring v6.0.4
2024-12-30 17:18:46 [restartedMain] INFO  c.example.spring4.Spring4Application - No active profile set, falling back to 1 default profile: "default"
2024-12-30 17:18:46 [restartedMain] INFO  o.s.b.d.e.DevToolsPropertyDefaultsPostProcessor - Devtools property defaults active! Set 'spring.devtools.add-properties' to 'false' to disable
2024-12-30 17:18:46 [restartedMain] INFO  o.s.b.d.e.DevToolsPropertyDefaultsPostProcessor - For additional web related logging consider setting the 'logging.level.web' property to 'DEBUG'
2024-12-30 17:18:47 [restartedMain] DEBUG o.m.s.b.a.MybatisAutoConfiguration - Searching for mappers annotated with @Mapper
2024-12-30 17:18:47 [restartedMain] DEBUG o.m.s.b.a.MybatisAutoConfiguration - Using auto-configuration base package 'com.example.spring4'
2024-12-30 17:18:47 [restartedMain] DEBUG o.apache.ibatis.logging.LogFactory - Logging initialized using 'class org.apache.ibatis.logging.slf4j.Slf4jImpl' adapter.
2024-12-30 17:18:47 [restartedMain] DEBUG o.m.s.mapper.ClassPathMapperScanner - Identified candidate component class: file [C:\Temp\mybatis0\build\classes\java\main\com\example\spring4\member\dao\MemberMapper.class]
2024-12-30 17:18:47 [restartedMain] DEBUG o.m.s.mapper.ClassPathMapperScanner - Creating MapperFactoryBean with name 'memberMapper' and 'com.example.spring4.member.dao.MemberMapper' mapperInterface
2024-12-30 17:18:47 [restartedMain] INFO  o.s.b.w.e.tomcat.TomcatWebServer - Tomcat initialized with port(s): 8888 (http)
2024-12-30 17:18:47 [restartedMain] INFO  o.a.catalina.core.StandardService - Starting service [Tomcat]
2024-12-30 17:18:47 [restartedMain] INFO  o.a.catalina.core.StandardEngine - Starting Servlet engine: [Apache Tomcat/10.1.5]
2024-12-30 17:18:48 [restartedMain] INFO  o.a.c.c.C.[Tomcat].[localhost].[/] - Initializing Spring embedded WebApplicationContext
2024-12-30 17:18:48 [restartedMain] DEBUG o.s.w.f.ServerHttpObservationFilter - Filter 'serverHttpObservationFilter' configured for use
2024-12-30 17:18:48 [restartedMain] DEBUG o.s.w.s.m.m.a.RequestMappingHandlerAdapter - ControllerAdvice beans: 0 @ModelAttribute, 0 @InitBinder, 1 RequestBodyAdvice, 1 ResponseBodyAdvice
2024-12-30 17:18:48 [restartedMain] INFO  o.s.b.a.w.s.WelcomePageHandlerMapping - Adding welcome page template: index
2024-12-30 17:18:48 [restartedMain] DEBUG o.s.w.s.m.m.a.RequestMappingHandlerMapping - 2 mappings in 'requestMappingHandlerMapping'
2024-12-30 17:18:48 [restartedMain] DEBUG o.s.w.s.h.SimpleUrlHandlerMapping - Patterns [/webjars/**, /**] in 'resourceHandlerMapping'
2024-12-30 17:18:48 [restartedMain] DEBUG o.s.w.s.m.m.a.ExceptionHandlerExceptionResolver - ControllerAdvice beans: 0 @ExceptionHandler, 1 ResponseBodyAdvice
2024-12-30 17:18:48 [restartedMain] DEBUG o.m.s.b.a.MybatisAutoConfiguration - Not found configuration for registering mapper bean using @MapperScan, MapperFactoryBean and MapperScannerConfigurer.
2024-12-30 17:18:48 [restartedMain] DEBUG o.m.spring.SqlSessionFactoryBean - Parsed mapper file: 'file [C:\Temp\mybatis0\build\resources\main\mapper\memberMapper.xml]'
2024-12-30 17:18:48 [restartedMain] INFO  o.s.b.d.a.OptionalLiveReloadServer - LiveReload server is running on port 35729
2024-12-30 17:18:48 [restartedMain] INFO  o.s.b.a.e.web.EndpointLinksResolver - Exposing 1 endpoint(s) beneath base path '/actuator'
2024-12-30 17:18:49 [restartedMain] INFO  o.s.b.w.e.tomcat.TomcatWebServer - Tomcat started on port(s): 8888 (http) with context path ''
2024-12-30 17:18:49 [restartedMain] INFO  c.example.spring4.Spring4Application - Started Spring4Application in 3.207 seconds (process running for 4.563)
2024-12-30 17:18:49 [RMI TCP Connection(4)-192.168.56.1] INFO  com.zaxxer.hikari.HikariDataSource - MyHikariPool - Starting...
2024-12-30 17:18:49 [RMI TCP Connection(1)-192.168.56.1] INFO  o.a.c.c.C.[Tomcat].[localhost].[/] - Initializing Spring DispatcherServlet 'dispatcherServlet'
2024-12-30 17:18:49 [RMI TCP Connection(1)-192.168.56.1] INFO  o.s.web.servlet.DispatcherServlet - Initializing Servlet 'dispatcherServlet'
2024-12-30 17:18:49 [RMI TCP Connection(1)-192.168.56.1] DEBUG o.s.web.servlet.DispatcherServlet - Detected StandardServletMultipartResolver
2024-12-30 17:18:49 [RMI TCP Connection(1)-192.168.56.1] DEBUG o.s.web.servlet.DispatcherServlet - Detected AcceptHeaderLocaleResolver
2024-12-30 17:18:49 [RMI TCP Connection(1)-192.168.56.1] DEBUG o.s.web.servlet.DispatcherServlet - Detected FixedThemeResolver
2024-12-30 17:18:49 [RMI TCP Connection(1)-192.168.56.1] DEBUG o.s.web.servlet.DispatcherServlet - Detected org.springframework.web.servlet.view.DefaultRequestToViewNameTranslator@49454672
2024-12-30 17:18:49 [RMI TCP Connection(1)-192.168.56.1] DEBUG o.s.web.servlet.DispatcherServlet - Detected org.springframework.web.servlet.support.SessionFlashMapManager@531d2b91
2024-12-30 17:18:49 [RMI TCP Connection(1)-192.168.56.1] DEBUG o.s.web.servlet.DispatcherServlet - enableLoggingRequestDetails='false': request parameters and headers will be masked to prevent unsafe logging of potentially sensitive data
2024-12-30 17:18:49 [RMI TCP Connection(1)-192.168.56.1] INFO  o.s.web.servlet.DispatcherServlet - Completed initialization in 6 ms
2024-12-30 17:18:49 [RMI TCP Connection(4)-192.168.56.1] INFO  com.zaxxer.hikari.pool.HikariPool - MyHikariPool - Added connection com.mysql.cj.jdbc.ConnectionImpl@70f42f5d
2024-12-30 17:18:49 [RMI TCP Connection(4)-192.168.56.1] INFO  com.zaxxer.hikari.HikariDataSource - MyHikariPool - Start completed.
2024-12-30 17:18:53 [http-nio-8888-exec-1] DEBUG o.s.web.servlet.DispatcherServlet - GET "/", parameters={}
2024-12-30 17:18:53 [http-nio-8888-exec-1] DEBUG o.s.w.s.v.ContentNegotiatingViewResolver - Selected 'text/html' given [text/html, application/xhtml+xml, image/avif, image/webp, image/apng, application/xml;q=0.9, */*;q=0.8, application/signed-exchange;v=b3;q=0.7]
2024-12-30 17:18:55 [http-nio-8888-exec-1] DEBUG o.s.web.servlet.DispatcherServlet - Completed 200 OK
2024-12-30 17:18:55 [http-nio-8888-exec-2] DEBUG o.s.web.servlet.DispatcherServlet - GET "/css/style.css", parameters={}
2024-12-30 17:18:55 [http-nio-8888-exec-3] DEBUG o.s.web.servlet.DispatcherServlet - GET "/img/coffee.png", parameters={}
2024-12-30 17:18:55 [http-nio-8888-exec-3] DEBUG o.s.w.s.h.SimpleUrlHandlerMapping - Mapped to ResourceHttpRequestHandler [classpath [META-INF/resources/], classpath [resources/], classpath [static/], classpath [public/], ServletContext [/]]
2024-12-30 17:18:55 [http-nio-8888-exec-2] DEBUG o.s.w.s.h.SimpleUrlHandlerMapping - Mapped to ResourceHttpRequestHandler [classpath [META-INF/resources/], classpath [resources/], classpath [static/], classpath [public/], ServletContext [/]]
2024-12-30 17:18:55 [http-nio-8888-exec-3] DEBUG o.s.web.servlet.DispatcherServlet - Completed 200 OK
2024-12-30 17:18:55 [http-nio-8888-exec-2] DEBUG o.s.web.servlet.DispatcherServlet - Completed 200 OK
2024-12-30 17:18:55 [http-nio-8888-exec-4] DEBUG o.s.web.servlet.DispatcherServlet - GET "/js/scripts.js", parameters={}
2024-12-30 17:18:55 [http-nio-8888-exec-4] DEBUG o.s.w.s.h.SimpleUrlHandlerMapping - Mapped to ResourceHttpRequestHandler [classpath [META-INF/resources/], classpath [resources/], classpath [static/], classpath [public/], ServletContext [/]]
2024-12-30 17:18:55 [http-nio-8888-exec-6] DEBUG o.s.web.servlet.DispatcherServlet - GET "/img/bye.png", parameters={}
2024-12-30 17:18:55 [http-nio-8888-exec-5] DEBUG o.s.web.servlet.DispatcherServlet - GET "/img/member.png", parameters={}
2024-12-30 17:18:55 [http-nio-8888-exec-5] DEBUG o.s.w.s.h.SimpleUrlHandlerMapping - Mapped to ResourceHttpRequestHandler [classpath [META-INF/resources/], classpath [resources/], classpath [static/], classpath [public/], ServletContext [/]]
2024-12-30 17:18:55 [http-nio-8888-exec-6] DEBUG o.s.w.s.h.SimpleUrlHandlerMapping - Mapped to ResourceHttpRequestHandler [classpath [META-INF/resources/], classpath [resources/], classpath [static/], classpath [public/], ServletContext [/]]
2024-12-30 17:18:55 [http-nio-8888-exec-7] DEBUG o.s.web.servlet.DispatcherServlet - GET "/img/board.png", parameters={}
2024-12-30 17:18:55 [http-nio-8888-exec-8] DEBUG o.s.web.servlet.DispatcherServlet - GET "/img/product.png", parameters={}
2024-12-30 17:18:55 [http-nio-8888-exec-8] DEBUG o.s.w.s.h.SimpleUrlHandlerMapping - Mapped to ResourceHttpRequestHandler [classpath [META-INF/resources/], classpath [resources/], classpath [static/], classpath [public/], ServletContext [/]]
2024-12-30 17:18:55 [http-nio-8888-exec-5] DEBUG o.s.web.servlet.DispatcherServlet - Completed 200 OK
2024-12-30 17:18:55 [http-nio-8888-exec-6] DEBUG o.s.web.servlet.DispatcherServlet - Completed 200 OK
2024-12-30 17:18:55 [http-nio-8888-exec-7] DEBUG o.s.w.s.h.SimpleUrlHandlerMapping - Mapped to ResourceHttpRequestHandler [classpath [META-INF/resources/], classpath [resources/], classpath [static/], classpath [public/], ServletContext [/]]
2024-12-30 17:18:55 [http-nio-8888-exec-9] DEBUG o.s.web.servlet.DispatcherServlet - GET "/img/cart.png", parameters={}
2024-12-30 17:18:55 [http-nio-8888-exec-8] DEBUG o.s.web.servlet.DispatcherServlet - Completed 200 OK
2024-12-30 17:18:55 [http-nio-8888-exec-9] DEBUG o.s.w.s.h.SimpleUrlHandlerMapping - Mapped to ResourceHttpRequestHandler [classpath [META-INF/resources/], classpath [resources/], classpath [static/], classpath [public/], ServletContext [/]]
2024-12-30 17:18:55 [http-nio-8888-exec-7] DEBUG o.s.web.servlet.DispatcherServlet - Completed 200 OK
2024-12-30 17:18:55 [http-nio-8888-exec-4] DEBUG o.s.web.servlet.DispatcherServlet - Completed 200 OK
2024-12-30 17:18:55 [http-nio-8888-exec-9] DEBUG o.s.web.servlet.DispatcherServlet - Completed 200 OK
2024-12-30 17:20:12 [SpringApplicationShutdownHook] INFO  com.zaxxer.hikari.HikariDataSource - MyHikariPool - Shutdown initiated...
2024-12-30 17:20:12 [SpringApplicationShutdownHook] INFO  com.zaxxer.hikari.HikariDataSource - MyHikariPool - Shutdown completed.
